#
# There is insufficient memory for the Java Runtime Environment to continue.
# Native memory allocation (mmap) failed to map 268435456 bytes for G1 virtual space
# Possible reasons:
#   The system is out of physical RAM or swap space
#   The process is running with CompressedOops enabled, and the Java Heap may be blocking the growth of the native heap
# Possible solutions:
#   Reduce memory load on the system
#   Increase physical memory or swap space
#   Check if swap backing store is full
#   Decrease Java heap size (-Xmx/-Xms)
#   Decrease number of Java threads
#   Decrease Java thread stack sizes (-Xss)
#   Set larger code cache with -XX:ReservedCodeCacheSize=
#   JVM is running with Zero Based Compressed Oops mode in which the Java heap is
#     placed in the first 32GB address space. The Java Heap base address is the
#     maximum limit for the native heap growth. Please use -XX:HeapBaseMinAddress
#     to set the Java Heap base and to place the Java Heap above 32GB virtual address.
# This output file may be truncated or incomplete.
#
#  Out of Memory Error (os_windows.cpp:3550), pid=9660, tid=16600
#
# JRE version:  (17.0.8+9) (build )
# Java VM: Java HotSpot(TM) 64-Bit Server VM (17.0.8+9-LTS-211, mixed mode, sharing, tiered, compressed oops, compressed class ptrs, g1 gc, windows-amd64)
# No core dump will be written. Minidumps are not enabled by default on client versions of Windows
#

---------------  S U M M A R Y ------------

Command Line: -Dfile.encoding=utf8 c:\Users\LENOVO\.vscode\extensions\vscjava.vscode-gradle-3.13.5\lib\gradle-language-server.jar

Host: Intel(R) Core(TM) i5-6300U CPU @ 2.40GHz, 4 cores, 15G,  Windows 10 , 64 bit Build 19041 (10.0.19041.3636)
Time: Thu Mar  7 14:17:28 2024 Pakistan Standard Time elapsed time: 0.021126 seconds (0d 0h 0m 0s)

---------------  T H R E A D  ---------------

Current thread (0x000001a627077970):  JavaThread "Unknown thread" [_thread_in_vm, id=16600, stack(0x00000082cdc00000,0x00000082cdd00000)]

Stack: [0x00000082cdc00000,0x00000082cdd00000]
Native frames: (J=compiled Java code, j=interpreted, Vv=VM code, C=native code)
V  [jvm.dll+0x677d0a]
V  [jvm.dll+0x7d8c54]
V  [jvm.dll+0x7da3fe]
V  [jvm.dll+0x7daa63]
V  [jvm.dll+0x245c5f]
V  [jvm.dll+0x674bb9]
V  [jvm.dll+0x6694f2]
V  [jvm.dll+0x3031d6]
V  [jvm.dll+0x30a756]
V  [jvm.dll+0x359f9e]
V  [jvm.dll+0x35a1cf]
V  [jvm.dll+0x2da3e8]
V  [jvm.dll+0x2db354]
V  [jvm.dll+0x7aa711]
V  [jvm.dll+0x367b51]
V  [jvm.dll+0x789979]
V  [jvm.dll+0x3eb05f]
V  [jvm.dll+0x3ecae1]
C  [jli.dll+0x5297]
C  [ucrtbase.dll+0x21bb2]
C  [KERNEL32.DLL+0x17344]
C  [ntdll.dll+0x526b1]


---------------  P R O C E S S  ---------------

Threads class SMR info:
_java_thread_list=0x00007ff91c7f59d8, length=0, elements={
}

Java Threads: ( => current thread )

Other Threads:
  0x000001a6270e0f10 GCTaskThread "GC Thread#0" [stack: 0x00000082cdd00000,0x00000082cde00000] [id=9920]
  0x000001a6270f1c60 ConcurrentGCThread "G1 Main Marker" [stack: 0x00000082cde00000,0x00000082cdf00000] [id=10164]
  0x000001a6270f3680 ConcurrentGCThread "G1 Conc#0" [stack: 0x00000082cdf00000,0x00000082ce000000] [id=13496]

[error occurred during error reporting (printing all threads), id 0xc0000005, EXCEPTION_ACCESS_VIOLATION (0xc0000005) at pc=0x00007ff91c02b047]

VM state: not at safepoint (not fully initialized)

VM Mutex/Monitor currently owned by a thread:  ([mutex/lock_event])
[0x000001a6270729d0] Heap_lock - owner thread: 0x000001a627077970

Heap address: 0x0000000701e00000, size: 4066 MB, Compressed Oops mode: Zero based, Oop shift amount: 3

CDS archive(s) mapped at: [0x0000000000000000-0x0000000000000000-0x0000000000000000), size 0, SharedBaseAddress: 0x0000000800000000, ArchiveRelocationMode: 1.
Narrow klass base: 0x0000000000000000, Narrow klass shift: 0, Narrow klass range: 0x0

GC Precious Log:
<Empty>

Heap:
 garbage-first heap   total 0K, used 0K [0x0000000701e00000, 0x0000000800000000)
  region size 2048K, 0 young (0K), 0 survivors (0K)

[error occurred during error reporting (printing heap information), id 0xc0000005, EXCEPTION_ACCESS_VIOLATION (0xc0000005) at pc=0x00007ff91c411499]

GC Heap History (0 events):
No events

Deoptimization events (0 events):
No events

Classes unloaded (0 events):
No events

Classes redefined (0 events):
No events

Internal exceptions (0 events):
No events

VM Operations (0 events):
No events

Events (1 events):
Event: 0.014 Loaded shared library C:\Program Files\Java\jdk-17\bin\java.dll


Dynamic libraries:
0x00007ff7eab30000 - 0x00007ff7eab40000 	C:\Program Files\Java\jdk-17\bin\java.exe
0x00007ff981770000 - 0x00007ff981968000 	C:\Windows\SYSTEM32\ntdll.dll
0x00007ff97ff00000 - 0x00007ff97ffbd000 	C:\Windows\System32\KERNEL32.DLL
0x00007ff97f040000 - 0x00007ff97f336000 	C:\Windows\System32\KERNELBASE.dll
0x00007ff97f4a0000 - 0x00007ff97f5a0000 	C:\Windows\System32\ucrtbase.dll
0x00007ff96d970000 - 0x00007ff96d98b000 	C:\Program Files\Java\jdk-17\bin\VCRUNTIME140.dll
0x00007ff96cfc0000 - 0x00007ff96cfd9000 	C:\Program Files\Java\jdk-17\bin\jli.dll
0x00007ff980da0000 - 0x00007ff980e53000 	C:\Windows\System32\ADVAPI32.dll
0x00007ff980870000 - 0x00007ff98090e000 	C:\Windows\System32\msvcrt.dll
0x00007ff981690000 - 0x00007ff98172f000 	C:\Windows\System32\sechost.dll
0x00007ff980450000 - 0x00007ff980576000 	C:\Windows\System32\RPCRT4.dll
0x00007ff97f470000 - 0x00007ff97f497000 	C:\Windows\System32\bcrypt.dll
0x00007ff980a80000 - 0x00007ff980c1e000 	C:\Windows\System32\USER32.dll
0x00007ff97ee30000 - 0x00007ff97ee52000 	C:\Windows\System32\win32u.dll
0x00007ff981480000 - 0x00007ff9814ab000 	C:\Windows\System32\GDI32.dll
0x00007ff97eed0000 - 0x00007ff97efe7000 	C:\Windows\System32\gdi32full.dll
0x00007ff97f3d0000 - 0x00007ff97f46d000 	C:\Windows\System32\msvcp_win.dll
0x00007ff96c510000 - 0x00007ff96c7aa000 	C:\Windows\WinSxS\amd64_microsoft.windows.common-controls_6595b64144ccf1df_6.0.19041.3636_none_60b6a03d71f818d5\COMCTL32.dll
0x00007ff977ad0000 - 0x00007ff977ada000 	C:\Windows\SYSTEM32\VERSION.dll
0x00007ff980580000 - 0x00007ff9805b2000 	C:\Windows\System32\IMM32.DLL
0x00007ff97aa10000 - 0x00007ff97aa1c000 	C:\Program Files\Java\jdk-17\bin\vcruntime140_1.dll
0x00007ff92fe50000 - 0x00007ff92fede000 	C:\Program Files\Java\jdk-17\bin\msvcp140.dll
0x00007ff91bd40000 - 0x00007ff91c91e000 	C:\Program Files\Java\jdk-17\bin\server\jvm.dll
0x00007ff980cb0000 - 0x00007ff980cb8000 	C:\Windows\System32\PSAPI.DLL
0x00007ff964920000 - 0x00007ff964929000 	C:\Windows\SYSTEM32\WSOCK32.dll
0x00007ff9807a0000 - 0x00007ff98080b000 	C:\Windows\System32\WS2_32.dll
0x00007ff964fb0000 - 0x00007ff964fd7000 	C:\Windows\SYSTEM32\WINMM.dll
0x00007ff97cc00000 - 0x00007ff97cc12000 	C:\Windows\SYSTEM32\kernel.appcore.dll
0x00007ff97a770000 - 0x00007ff97a77a000 	C:\Program Files\Java\jdk-17\bin\jimage.dll
0x00007ff965050000 - 0x00007ff965234000 	C:\Windows\SYSTEM32\DBGHELP.DLL
0x00007ff964b50000 - 0x00007ff964b84000 	C:\Windows\SYSTEM32\dbgcore.DLL
0x00007ff97f340000 - 0x00007ff97f3c2000 	C:\Windows\System32\bcryptPrimitives.dll
0x00007ff96cea0000 - 0x00007ff96cec5000 	C:\Program Files\Java\jdk-17\bin\java.dll

dbghelp: loaded successfully - version: 4.0.5 - missing functions: none
symbol engine: initialized successfully - sym options: 0x614 - pdb path: .;C:\Program Files\Java\jdk-17\bin;C:\Windows\SYSTEM32;C:\Windows\WinSxS\amd64_microsoft.windows.common-controls_6595b64144ccf1df_6.0.19041.3636_none_60b6a03d71f818d5;C:\Program Files\Java\jdk-17\bin\server

VM Arguments:
jvm_args: -Dfile.encoding=utf8 
java_command: c:\Users\LENOVO\.vscode\extensions\vscjava.vscode-gradle-3.13.5\lib\gradle-language-server.jar
java_class_path (initial): c:\Users\LENOVO\.vscode\extensions\vscjava.vscode-gradle-3.13.5\lib\gradle-language-server.jar
Launcher Type: SUN_STANDARD

[Global flags]
     intx CICompilerCount                          = 3                                         {product} {ergonomic}
     uint ConcGCThreads                            = 1                                         {product} {ergonomic}
     uint G1ConcRefinementThreads                  = 4                                         {product} {ergonomic}
   size_t G1HeapRegionSize                         = 2097152                                   {product} {ergonomic}
    uintx GCDrainStackTargetSize                   = 64                                        {product} {ergonomic}
   size_t InitialHeapSize                          = 268435456                                 {product} {ergonomic}
   size_t MarkStackSize                            = 4194304                                   {product} {ergonomic}
   size_t MaxHeapSize                              = 4263510016                                {product} {ergonomic}
   size_t MinHeapDeltaBytes                        = 2097152                                   {product} {ergonomic}
   size_t MinHeapSize                              = 8388608                                   {product} {ergonomic}
    uintx NonNMethodCodeHeapSize                   = 5832780                                {pd product} {ergonomic}
    uintx NonProfiledCodeHeapSize                  = 122912730                              {pd product} {ergonomic}
    uintx ProfiledCodeHeapSize                     = 122912730                              {pd product} {ergonomic}
    uintx ReservedCodeCacheSize                    = 251658240                              {pd product} {ergonomic}
     bool SegmentedCodeCache                       = true                                      {product} {ergonomic}
   size_t SoftMaxHeapSize                          = 4263510016                             {manageable} {ergonomic}
     bool UseCompressedClassPointers               = true                           {product lp64_product} {ergonomic}
     bool UseCompressedOops                        = true                           {product lp64_product} {ergonomic}
     bool UseG1GC                                  = true                                      {product} {ergonomic}
     bool UseLargePagesIndividualAllocation        = false                                  {pd product} {ergonomic}

Logging:
Log output configuration:
 #0: stdout all=warning uptime,level,tags
 #1: stderr all=off uptime,level,tags

Environment Variables:
JAVA_HOME=C:\Program Files\Java\jdk-17
PATH=C:\Program Files\Python312\Scripts\;C:\Program Files\Python312\;C:\Program Files\Amazon Corretto\jdk11.0.21_9\bin;C:\Program Files\Common Files\Oracle\Java\javapath;C:\Program Files (x86)\Common Files\Oracle\Java\javapath;C:\Windows\system32;C:\Windows;C:\Windows\System32\Wbem;C:\Windows\System32\WindowsPowerShell\v1.0\;C:\Windows\System32\OpenSSH\;C:\Program Files\Microsoft SQL Server\150\Tools\Binn\;C:\Program Files\Microsoft SQL Server\Client SDK\ODBC\170\Tools\Binn\;C:\Program Files\dotnet\;C:\Program Files\nodejs\;C:\Program Files (x86)\Microsoft SQL Server\160\Tools\Binn\;C:\Program Files\Microsoft SQL Server\160\Tools\Binn\;C:\Program Files\Microsoft SQL Server\160\DTS\Binn\;C:\Program Files (x86)\Microsoft SQL Server\160\DTS\Binn\;C:\Program Files\Azure Data Studio\bin;C:\Program Files (x86)\Windows Kits\10\Windows Performance Toolkit\;C:\xampp\php;C:\ProgramData\ComposerSetup\bin;C:\Program Files\Git\cmd;C:\MinGW\bin;C:\Users\LENOVO\AppData\Local\Programs\Python\Launcher\;C:\Users\LENOVO\AppData\Loca;E:\systemFiles\platform-tools;C:\Program Files (x86)\Nmap;C:\Users\LENOVO\AppData\Local\Pub\Cache\bin;C:\Program Files\MongoDB\Server\7.0\bin;;C:\Program Files\Docker\Docker\resources\bin;C:\Users\LENOVO\AppData\Local\Programs\Python\Launcher\;C:\Users\LENOVO\AppData\Local\Microsoft\WindowsApps;C:\Users\LENOVO\AppData\Local\Programs\Microsoft VS Code\bin;C:\Users\LENOVO\.dotnet\tools;C:\Users\LENOVO\AppData\Roaming\npm;C:\Program Files\Azure Data Studio\bin;C:\Program Files\Java\jdk-17\bin;E:\systemFiles\php-8.2.12-src;E:\systemFiles\flutter\bin;E:\systemFiles\apache-maven-3.9.6\bin;C:\Program Files\JetBrains\PyCharm 2023.2.4\bin;;C:\Users\LENOVO\AppData\Roaming\Composer\vendor\bin;C:\Program Files\PostgreSQL\13\bin;C:\MinGW\bin;E:\systemFiles\platform-tools;C:\Program Files (x86)\Nmap;C:\Program Files (x86)\Nmap;C:\Users\LENOVO\AppData\Local\Pub\Cache\bin;C:\Program Files\MongoDB\Server\7.0\bin;C:\adb;
USERNAME=LENOVO
OS=Windows_NT
PROCESSOR_IDENTIFIER=Intel64 Family 6 Model 78 Stepping 3, GenuineIntel



---------------  S Y S T E M  ---------------

OS:
 Windows 10 , 64 bit Build 19041 (10.0.19041.3636)
OS uptime: 0 days 21:26 hours

CPU: total 4 (initial active 4) (2 cores per cpu, 2 threads per core) family 6 model 78 stepping 3 microcode 0xf0, cx8, cmov, fxsr, ht, mmx, 3dnowpref, sse, sse2, sse3, ssse3, sse4.1, sse4.2, popcnt, lzcnt, tsc, tscinvbit, avx, avx2, aes, erms, clmul, bmi1, bmi2, rtm, adx, fma, vzeroupper, clflush, clflushopt

Memory: 4k page, system-wide physical 16259M (2890M free)
TotalPageFile size 16259M (AvailPageFile size 146M)
current process WorkingSet (physical memory assigned to process): 10M, peak: 10M
current process commit charge ("private bytes"): 51M, peak: 307M

vm_info: Java HotSpot(TM) 64-Bit Server VM (17.0.8+9-LTS-211) for windows-amd64 JRE (17.0.8+9-LTS-211), built on Jun 14 2023 10:34:31 by "mach5one" with MS VC++ 17.1 (VS2022)

END.
